<?xml version="1.0" encoding="UTF-8"?>
<testsuite name="com.phonebook.HomePageTests" tests="1" skipped="0" failures="0" errors="0" timestamp="2024-10-10T22:15:49" hostname="MacBook-Pro-2.fritz.box" time="0.011">
  <properties/>
  <testcase name="isHomeComponentPresentTest" classname="com.phonebook.HomePageTests" time="0.011"/>
  <system-out><![CDATA[00:15:49.298 [Test worker] INFO  com.phonebook.TestBase -- Test is started: [isHomeComponentPresentTest]
Ищем 'HomeComponent' на домашней странице
Элемент HomeComponent' найден на домашней странице
00:15:49.335 [Test worker] INFO  com.phonebook.TestBase -- Test is started with data: []
00:15:49.336 [Test worker] INFO  com.phonebook.TestBase -- Test is PASSED: [isHomeComponentPresentTest], with data []
00:15:49.336 [Test worker] INFO  com.phonebook.TestBase -- Test is ended: [isHomeComponentPresentTest]
]]></system-out>
  <system-err><![CDATA[]]></system-err>
</testsuite>
